20230423 124757.819 INFO             PET0 !!!!!!!!!!!!!!!!!!!!!!!!!!!!!!!!!!!!!!!!!!!!!!!!!!!!!!
20230423 124757.823 INFO             PET0 !!! THE ESMF_LOG IS SET TO OUTPUT ALL LOG MESSAGES !!!
20230423 124757.823 INFO             PET0 !!!     THIS MAY CAUSE SLOWDOWN IN PERFORMANCE     !!!
20230423 124757.823 INFO             PET0 !!! FOR PRODUCTION RUNS, USE:                      !!!
20230423 124757.823 INFO             PET0 !!!                   ESMF_LOGKIND_Multi_On_Error  !!!
20230423 124757.823 INFO             PET0 !!!!!!!!!!!!!!!!!!!!!!!!!!!!!!!!!!!!!!!!!!!!!!!!!!!!!!
20230423 124757.823 INFO             PET0 Running with ESMF Version   : 8.5.0 beta snapshot
20230423 124757.823 INFO             PET0 ESMF library build date/time: "Apr 23 2023" "01:36:56"
20230423 124757.823 INFO             PET0 ESMF library build location : /home/westrene/git/esmf
20230423 124757.823 INFO             PET0 ESMF_COMM                   : mpiuni
20230423 124757.823 INFO             PET0 ESMF_MOAB                   : enabled
20230423 124757.823 INFO             PET0 ESMF_LAPACK                 : enabled
20230423 124757.823 INFO             PET0 ESMF_NETCDF                 : enabled
20230423 124757.823 INFO             PET0 ESMF_PNETCDF                : disabled
20230423 124757.823 INFO             PET0 ESMF_PIO                    : disabled
20230423 124757.823 INFO             PET0 ESMF_YAMLCPP                : enabled
20230423 124757.827 INFO             PET0 Finalizing ESMF
20230423 124804.773 INFO             PET0 !!!!!!!!!!!!!!!!!!!!!!!!!!!!!!!!!!!!!!!!!!!!!!!!!!!!!!
20230423 124804.776 INFO             PET0 !!! THE ESMF_LOG IS SET TO OUTPUT ALL LOG MESSAGES !!!
20230423 124804.776 INFO             PET0 !!!     THIS MAY CAUSE SLOWDOWN IN PERFORMANCE     !!!
20230423 124804.776 INFO             PET0 !!! FOR PRODUCTION RUNS, USE:                      !!!
20230423 124804.776 INFO             PET0 !!!                   ESMF_LOGKIND_Multi_On_Error  !!!
20230423 124804.776 INFO             PET0 !!!!!!!!!!!!!!!!!!!!!!!!!!!!!!!!!!!!!!!!!!!!!!!!!!!!!!
20230423 124804.776 INFO             PET0 Running with ESMF Version   : 8.5.0 beta snapshot
20230423 124804.776 INFO             PET0 ESMF library build date/time: "Apr 23 2023" "01:36:56"
20230423 124804.776 INFO             PET0 ESMF library build location : /home/westrene/git/esmf
20230423 124804.776 INFO             PET0 ESMF_COMM                   : mpiuni
20230423 124804.776 INFO             PET0 ESMF_MOAB                   : enabled
20230423 124804.776 INFO             PET0 ESMF_LAPACK                 : enabled
20230423 124804.776 INFO             PET0 ESMF_NETCDF                 : enabled
20230423 124804.776 INFO             PET0 ESMF_PNETCDF                : disabled
20230423 124804.776 INFO             PET0 ESMF_PIO                    : disabled
20230423 124804.776 INFO             PET0 ESMF_YAMLCPP                : enabled
20230423 124804.878 INFO             PET0 Finalizing ESMF
20230423 124911.003 INFO             PET0 !!!!!!!!!!!!!!!!!!!!!!!!!!!!!!!!!!!!!!!!!!!!!!!!!!!!!!
20230423 124911.006 INFO             PET0 !!! THE ESMF_LOG IS SET TO OUTPUT ALL LOG MESSAGES !!!
20230423 124911.006 INFO             PET0 !!!     THIS MAY CAUSE SLOWDOWN IN PERFORMANCE     !!!
20230423 124911.006 INFO             PET0 !!! FOR PRODUCTION RUNS, USE:                      !!!
20230423 124911.006 INFO             PET0 !!!                   ESMF_LOGKIND_Multi_On_Error  !!!
20230423 124911.006 INFO             PET0 !!!!!!!!!!!!!!!!!!!!!!!!!!!!!!!!!!!!!!!!!!!!!!!!!!!!!!
20230423 124911.006 INFO             PET0 Running with ESMF Version   : 8.5.0 beta snapshot
20230423 124911.006 INFO             PET0 ESMF library build date/time: "Apr 23 2023" "01:36:56"
20230423 124911.006 INFO             PET0 ESMF library build location : /home/westrene/git/esmf
20230423 124911.006 INFO             PET0 ESMF_COMM                   : mpiuni
20230423 124911.006 INFO             PET0 ESMF_MOAB                   : enabled
20230423 124911.006 INFO             PET0 ESMF_LAPACK                 : enabled
20230423 124911.006 INFO             PET0 ESMF_NETCDF                 : enabled
20230423 124911.006 INFO             PET0 ESMF_PNETCDF                : disabled
20230423 124911.006 INFO             PET0 ESMF_PIO                    : disabled
20230423 124911.006 INFO             PET0 ESMF_YAMLCPP                : enabled
20230423 124911.016 INFO             PET0 Finalizing ESMF
